{"message":"undefined - API Server Start At Port 3000","level":"info","timestamp":"2020-07-19 14:42:56"}
{"message":"undefined - API Server Start At Port 3000","level":"info","timestamp":"2020-07-19 14:44:13"}
{"message":"App - SignIn Query error\n: {}","level":"error","timestamp":"2020-07-19 14:44:15"}
{"message":"undefined - API Server Start At Port 3000","level":"info","timestamp":"2020-07-19 14:45:07"}
{"message":"undefined - API Server Start At Port 3000","level":"info","timestamp":"2020-07-19 14:50:05"}
{"message":"undefined - API Server Start At Port 3000","level":"info","timestamp":"2020-07-19 14:50:50"}
{"message":"undefined - API Server Start At Port 3000","level":"info","timestamp":"2020-07-19 14:51:01"}
{"message":"undefined - API Server Start At Port 3000","level":"info","timestamp":"2020-07-19 14:51:19"}
{"message":"undefined - API Server Start At Port 3000","level":"info","timestamp":"2020-07-19 14:53:53"}
{"message":"undefined - API Server Start At Port 3000","level":"info","timestamp":"2020-07-19 14:54:13"}
{"message":"undefined - API Server Start At Port 3000","level":"info","timestamp":"2020-07-19 15:52:56"}
{"message":"undefined - API Server Start At Port 3000","level":"info","timestamp":"2020-07-19 15:57:52"}
{"message":"undefined - API Server Start At Port 3000","level":"info","timestamp":"2020-07-19 15:58:54"}
{"message":"undefined - API Server Start At Port 3000","level":"info","timestamp":"2020-07-19 16:01:56"}
{"message":"undefined - API Server Start At Port 3000","level":"info","timestamp":"2020-07-19 16:02:42"}
{"message":"App - SignIn Query error\n: {\"message\":\"You have an error in your SQL syntax; check the manual that corresponds to your MySQL server version for the right syntax to use near '?' at line 16\",\"code\":\"ER_PARSE_ERROR\",\"errno\":1064,\"sqlState\":\"42000\",\"sqlMessage\":\"You have an error in your SQL syntax; check the manual that corresponds to your MySQL server version for the right syntax to use near '?' at line 16\"}","level":"error","timestamp":"2020-07-19 16:02:52"}
{"message":"undefined - API Server Start At Port 3000","level":"info","timestamp":"2020-07-19 16:03:12"}
{"message":"App - SignIn Query error\n: {\"message\":\"You have an error in your SQL syntax; check the manual that corresponds to your MySQL server version for the right syntax to use near ')\\n                limit 10 offset 10' at line 18\",\"code\":\"ER_PARSE_ERROR\",\"errno\":1064,\"sqlState\":\"42000\",\"sqlMessage\":\"You have an error in your SQL syntax; check the manual that corresponds to your MySQL server version for the right syntax to use near ')\\n                limit 10 offset 10' at line 18\"}","level":"error","timestamp":"2020-07-19 16:03:18"}
{"message":"undefined - API Server Start At Port 3000","level":"info","timestamp":"2020-07-19 16:03:32"}
{"message":"undefined - API Server Start At Port 3000","level":"info","timestamp":"2020-07-19 16:06:35"}
{"message":"undefined - API Server Start At Port 3000","level":"info","timestamp":"2020-07-19 16:06:41"}
{"message":"undefined - API Server Start At Port 3000","level":"info","timestamp":"2020-07-19 16:06:47"}
{"message":"App - SignIn Query error\n: {\"message\":\"You have an error in your SQL syntax; check the manual that corresponds to your MySQL server version for the right syntax to use near '?' at line 16\",\"code\":\"ER_PARSE_ERROR\",\"errno\":1064,\"sqlState\":\"42000\",\"sqlMessage\":\"You have an error in your SQL syntax; check the manual that corresponds to your MySQL server version for the right syntax to use near '?' at line 16\"}","level":"error","timestamp":"2020-07-19 16:06:49"}
{"message":"undefined - API Server Start At Port 3000","level":"info","timestamp":"2020-07-19 16:07:05"}
{"message":"App - SignIn Query error\n: {\"message\":\"You have an error in your SQL syntax; check the manual that corresponds to your MySQL server version for the right syntax to use near '?' at line 16\",\"code\":\"ER_PARSE_ERROR\",\"errno\":1064,\"sqlState\":\"42000\",\"sqlMessage\":\"You have an error in your SQL syntax; check the manual that corresponds to your MySQL server version for the right syntax to use near '?' at line 16\"}","level":"error","timestamp":"2020-07-19 16:07:07"}
{"message":"undefined - API Server Start At Port 3000","level":"info","timestamp":"2020-07-19 16:07:27"}
{"message":"App - SignIn Query error\n: {\"message\":\"You have an error in your SQL syntax; check the manual that corresponds to your MySQL server version for the right syntax to use near ')\\n                limit 10 offset -10' at line 18\",\"code\":\"ER_PARSE_ERROR\",\"errno\":1064,\"sqlState\":\"42000\",\"sqlMessage\":\"You have an error in your SQL syntax; check the manual that corresponds to your MySQL server version for the right syntax to use near ')\\n                limit 10 offset -10' at line 18\"}","level":"error","timestamp":"2020-07-19 16:07:34"}
{"message":"undefined - API Server Start At Port 3000","level":"info","timestamp":"2020-07-19 16:08:36"}
{"message":"App - SignIn Query error\n: {}","level":"error","timestamp":"2020-07-19 16:08:38"}
{"message":"undefined - API Server Start At Port 3000","level":"info","timestamp":"2020-07-19 16:08:56"}
{"message":"App - SignIn Query error\n: {\"message\":\"You have an error in your SQL syntax; check the manual that corresponds to your MySQL server version for the right syntax to use near '?' at line 16\",\"code\":\"ER_PARSE_ERROR\",\"errno\":1064,\"sqlState\":\"42000\",\"sqlMessage\":\"You have an error in your SQL syntax; check the manual that corresponds to your MySQL server version for the right syntax to use near '?' at line 16\"}","level":"error","timestamp":"2020-07-19 16:08:58"}
{"message":"undefined - API Server Start At Port 3000","level":"info","timestamp":"2020-07-19 16:09:34"}
{"message":"App - SignIn Query error\n: {\"message\":\"You have an error in your SQL syntax; check the manual that corresponds to your MySQL server version for the right syntax to use near '?' at line 16\",\"code\":\"ER_PARSE_ERROR\",\"errno\":1064,\"sqlState\":\"42000\",\"sqlMessage\":\"You have an error in your SQL syntax; check the manual that corresponds to your MySQL server version for the right syntax to use near '?' at line 16\"}","level":"error","timestamp":"2020-07-19 16:09:52"}
{"message":"undefined - API Server Start At Port 3000","level":"info","timestamp":"2020-07-19 16:10:58"}
{"message":"App - SignIn Query error\n: {\"message\":\"You have an error in your SQL syntax; check the manual that corresponds to your MySQL server version for the right syntax to use near '?' at line 16\",\"code\":\"ER_PARSE_ERROR\",\"errno\":1064,\"sqlState\":\"42000\",\"sqlMessage\":\"You have an error in your SQL syntax; check the manual that corresponds to your MySQL server version for the right syntax to use near '?' at line 16\"}","level":"error","timestamp":"2020-07-19 16:11:01"}
{"message":"undefined - API Server Start At Port 3000","level":"info","timestamp":"2020-07-19 16:11:24"}
{"message":"undefined - API Server Start At Port 3000","level":"info","timestamp":"2020-07-19 16:12:48"}
{"message":"App - SignIn Query error\n: {\"message\":\"You have an error in your SQL syntax; check the manual that corresponds to your MySQL server version for the right syntax to use near '?' at line 16\",\"code\":\"ER_PARSE_ERROR\",\"errno\":1064,\"sqlState\":\"42000\",\"sqlMessage\":\"You have an error in your SQL syntax; check the manual that corresponds to your MySQL server version for the right syntax to use near '?' at line 16\"}","level":"error","timestamp":"2020-07-19 16:12:50"}
{"message":"undefined - API Server Start At Port 3000","level":"info","timestamp":"2020-07-19 16:13:05"}
{"message":"undefined - API Server Start At Port 3000","level":"info","timestamp":"2020-07-19 16:14:16"}
{"message":"App - SignIn Query error\n: {\"message\":\"You have an error in your SQL syntax; check the manual that corresponds to your MySQL server version for the right syntax to use near '?' at line 16\",\"code\":\"ER_PARSE_ERROR\",\"errno\":1064,\"sqlState\":\"42000\",\"sqlMessage\":\"You have an error in your SQL syntax; check the manual that corresponds to your MySQL server version for the right syntax to use near '?' at line 16\"}","level":"error","timestamp":"2020-07-19 16:14:18"}
{"message":"undefined - API Server Start At Port 3000","level":"info","timestamp":"2020-07-19 16:14:48"}
{"message":"undefined - API Server Start At Port 3000","level":"info","timestamp":"2020-07-19 16:16:41"}
{"message":"undefined - API Server Start At Port 3000","level":"info","timestamp":"2020-07-19 17:49:15"}
{"message":"undefined - API Server Start At Port 3000","level":"info","timestamp":"2020-07-19 17:49:36"}
{"message":"App - SignIn Query error\n: {\"message\":\"You have an error in your SQL syntax; check the manual that corresponds to your MySQL server version for the right syntax to use near '?' at line 17\",\"code\":\"ER_PARSE_ERROR\",\"errno\":1064,\"sqlState\":\"42000\",\"sqlMessage\":\"You have an error in your SQL syntax; check the manual that corresponds to your MySQL server version for the right syntax to use near '?' at line 17\"}","level":"error","timestamp":"2020-07-19 17:50:02"}
{"message":"undefined - API Server Start At Port 3000","level":"info","timestamp":"2020-07-19 17:50:15"}
{"message":"App - SignIn Query error\n: {\"message\":\"You have an error in your SQL syntax; check the manual that corresponds to your MySQL server version for the right syntax to use near ')\\n                limit 10 offset 300' at line 18\",\"code\":\"ER_PARSE_ERROR\",\"errno\":1064,\"sqlState\":\"42000\",\"sqlMessage\":\"You have an error in your SQL syntax; check the manual that corresponds to your MySQL server version for the right syntax to use near ')\\n                limit 10 offset 300' at line 18\"}","level":"error","timestamp":"2020-07-19 17:50:17"}
{"message":"App - SignIn Query error\n: {\"message\":\"You have an error in your SQL syntax; check the manual that corresponds to your MySQL server version for the right syntax to use near ')\\n                limit 10 offset 10' at line 18\",\"code\":\"ER_PARSE_ERROR\",\"errno\":1064,\"sqlState\":\"42000\",\"sqlMessage\":\"You have an error in your SQL syntax; check the manual that corresponds to your MySQL server version for the right syntax to use near ')\\n                limit 10 offset 10' at line 18\"}","level":"error","timestamp":"2020-07-19 17:50:46"}
{"message":"undefined - API Server Start At Port 3000","level":"info","timestamp":"2020-07-19 17:50:54"}
{"message":"App - SignIn Query error\n: {\"message\":\"You have an error in your SQL syntax; check the manual that corresponds to your MySQL server version for the right syntax to use near ')\\n                limit 10 offset 10' at line 18\",\"code\":\"ER_PARSE_ERROR\",\"errno\":1064,\"sqlState\":\"42000\",\"sqlMessage\":\"You have an error in your SQL syntax; check the manual that corresponds to your MySQL server version for the right syntax to use near ')\\n                limit 10 offset 10' at line 18\"}","level":"error","timestamp":"2020-07-19 17:50:57"}
{"message":"undefined - API Server Start At Port 3000","level":"info","timestamp":"2020-07-19 17:51:10"}
{"message":"App - SignIn Query error\n: {\"message\":\"You have an error in your SQL syntax; check the manual that corresponds to your MySQL server version for the right syntax to use near ')\\n                limit 10 offset 10' at line 18\",\"code\":\"ER_PARSE_ERROR\",\"errno\":1064,\"sqlState\":\"42000\",\"sqlMessage\":\"You have an error in your SQL syntax; check the manual that corresponds to your MySQL server version for the right syntax to use near ')\\n                limit 10 offset 10' at line 18\"}","level":"error","timestamp":"2020-07-19 17:51:12"}
{"message":"undefined - API Server Start At Port 3000","level":"info","timestamp":"2020-07-19 17:51:28"}
{"message":"App - SignIn Query error\n: {\"message\":\"You have an error in your SQL syntax; check the manual that corresponds to your MySQL server version for the right syntax to use near ')\\n                limit 10 offset 10' at line 18\",\"code\":\"ER_PARSE_ERROR\",\"errno\":1064,\"sqlState\":\"42000\",\"sqlMessage\":\"You have an error in your SQL syntax; check the manual that corresponds to your MySQL server version for the right syntax to use near ')\\n                limit 10 offset 10' at line 18\"}","level":"error","timestamp":"2020-07-19 17:51:31"}
{"message":"undefined - API Server Start At Port 3000","level":"info","timestamp":"2020-07-19 17:51:38"}
{"message":"App - SignIn Query error\n: {\"message\":\"You have an error in your SQL syntax; check the manual that corresponds to your MySQL server version for the right syntax to use near ')\\n                limit 10 offset 10' at line 18\",\"code\":\"ER_PARSE_ERROR\",\"errno\":1064,\"sqlState\":\"42000\",\"sqlMessage\":\"You have an error in your SQL syntax; check the manual that corresponds to your MySQL server version for the right syntax to use near ')\\n                limit 10 offset 10' at line 18\"}","level":"error","timestamp":"2020-07-19 17:51:40"}
{"message":"undefined - API Server Start At Port 3000","level":"info","timestamp":"2020-07-19 17:51:58"}
{"message":"App - SignIn Query error\n: {\"message\":\"You have an error in your SQL syntax; check the manual that corresponds to your MySQL server version for the right syntax to use near ')\\n                limit 10 offset 10' at line 18\",\"code\":\"ER_PARSE_ERROR\",\"errno\":1064,\"sqlState\":\"42000\",\"sqlMessage\":\"You have an error in your SQL syntax; check the manual that corresponds to your MySQL server version for the right syntax to use near ')\\n                limit 10 offset 10' at line 18\"}","level":"error","timestamp":"2020-07-19 17:51:58"}
{"message":"undefined - API Server Start At Port 3000","level":"info","timestamp":"2020-07-19 17:52:19"}
{"message":"undefined - API Server Start At Port 3000","level":"info","timestamp":"2020-07-19 18:52:36"}
{"message":"undefined - API Server Start At Port 3000","level":"info","timestamp":"2020-07-19 18:53:10"}
