{"message":"undefined - API Server Start At Port 3000","level":"info","timestamp":"2020-07-20 11:42:38"}
{"message":"undefined - API Server Start At Port 3000","level":"info","timestamp":"2020-07-20 11:42:53"}
{"message":"undefined - API Server Start At Port 3000","level":"info","timestamp":"2020-07-20 11:42:59"}
{"message":"production - API Server Start At Port 3000","level":"info","timestamp":"2020-07-20 11:43:19"}
{"message":"development - API Server Start At Port 3000","level":"info","timestamp":"2020-07-20 11:50:00"}
{"message":"production - API Server Start At Port 3000","level":"info","timestamp":"2020-07-20 11:50:05"}
{"message":"production - API Server Start At Port 3000","level":"info","timestamp":"2020-07-20 11:50:41"}
{"message":"undefined - API Server Start At Port 3000","level":"info","timestamp":"2020-07-20 16:43:46"}
{"message":"App - SignIn Query error\n: {\"code\":\"ER_ACCESS_DENIED_ERROR\",\"errno\":1045,\"sqlState\":\"28000\",\"sqlMessage\":\"Access denied for user 'sun'@'112.150.230.179' (using password: YES)\"}","level":"error","timestamp":"2020-07-20 16:43:51"}
{"message":"undefined - API Server Start At Port 3000","level":"info","timestamp":"2020-07-20 16:45:41"}
{"message":"undefined - API Server Start At Port 3000","level":"info","timestamp":"2020-07-20 17:38:27"}
{"message":"undefined - API Server Start At Port 3000","level":"info","timestamp":"2020-07-20 17:44:37"}
{"message":"undefined - API Server Start At Port 3000","level":"info","timestamp":"2020-07-20 17:45:02"}
{"message":"undefined - API Server Start At Port 3000","level":"info","timestamp":"2020-07-20 17:45:17"}
{"message":"undefined - API Server Start At Port 3000","level":"info","timestamp":"2020-07-20 19:12:17"}
{"message":"undefined - API Server Start At Port 3000","level":"info","timestamp":"2020-07-20 19:13:24"}
{"message":"undefined - API Server Start At Port 3000","level":"info","timestamp":"2020-07-20 19:14:36"}
{"message":"undefined - API Server Start At Port 3000","level":"info","timestamp":"2020-07-20 22:34:36"}
{"message":"App - Video Query error\n: {}","level":"error","timestamp":"2020-07-20 22:34:50"}
{"message":"undefined - API Server Start At Port 3000","level":"info","timestamp":"2020-07-20 22:35:15"}
{"message":"App - Video Query error\n: {}","level":"error","timestamp":"2020-07-20 22:35:17"}
{"message":"undefined - API Server Start At Port 3000","level":"info","timestamp":"2020-07-20 22:35:56"}
{"message":"undefined - API Server Start At Port 3000","level":"info","timestamp":"2020-07-20 22:36:01"}
{"message":"App - Video Query error\n: {\"message\":\"You have an error in your SQL syntax; check the manual that corresponds to your MySQL server version for the right syntax to use near ')\\n                limit 10 offset 3.999999999999999' at line 22\",\"code\":\"ER_PARSE_ERROR\",\"errno\":1064,\"sqlState\":\"42000\",\"sqlMessage\":\"You have an error in your SQL syntax; check the manual that corresponds to your MySQL server version for the right syntax to use near ')\\n                limit 10 offset 3.999999999999999' at line 22\"}","level":"error","timestamp":"2020-07-20 22:36:04"}
{"message":"App - Video Query error\n: {\"message\":\"You have an error in your SQL syntax; check the manual that corresponds to your MySQL server version for the right syntax to use near ')\\n                limit 10 offset 10' at line 22\",\"code\":\"ER_PARSE_ERROR\",\"errno\":1064,\"sqlState\":\"42000\",\"sqlMessage\":\"You have an error in your SQL syntax; check the manual that corresponds to your MySQL server version for the right syntax to use near ')\\n                limit 10 offset 10' at line 22\"}","level":"error","timestamp":"2020-07-20 22:36:36"}
{"message":"undefined - API Server Start At Port 3000","level":"info","timestamp":"2020-07-20 22:37:12"}
{"message":"App - Video Query error\n: {\"message\":\"You have an error in your SQL syntax; check the manual that corresponds to your MySQL server version for the right syntax to use near ')\\n                limit 10 offset 10' at line 22\",\"code\":\"ER_PARSE_ERROR\",\"errno\":1064,\"sqlState\":\"42000\",\"sqlMessage\":\"You have an error in your SQL syntax; check the manual that corresponds to your MySQL server version for the right syntax to use near ')\\n                limit 10 offset 10' at line 22\"}","level":"error","timestamp":"2020-07-20 22:37:14"}
{"message":"undefined - API Server Start At Port 3000","level":"info","timestamp":"2020-07-20 22:37:28"}
{"message":"undefined - API Server Start At Port 3000","level":"info","timestamp":"2020-07-20 22:37:52"}
{"message":"App - Video Query error\n: {\"message\":\"You have an error in your SQL syntax; check the manual that corresponds to your MySQL server version for the right syntax to use near ')\\n                limit 10 offset 10' at line 22\",\"code\":\"ER_PARSE_ERROR\",\"errno\":1064,\"sqlState\":\"42000\",\"sqlMessage\":\"You have an error in your SQL syntax; check the manual that corresponds to your MySQL server version for the right syntax to use near ')\\n                limit 10 offset 10' at line 22\"}","level":"error","timestamp":"2020-07-20 22:37:55"}
{"message":"App - Video Query error\n: {\"message\":\"You have an error in your SQL syntax; check the manual that corresponds to your MySQL server version for the right syntax to use near '-6.000000000000001' at line 23\",\"code\":\"ER_PARSE_ERROR\",\"errno\":1064,\"sqlState\":\"42000\",\"sqlMessage\":\"You have an error in your SQL syntax; check the manual that corresponds to your MySQL server version for the right syntax to use near '-6.000000000000001' at line 23\"}","level":"error","timestamp":"2020-07-20 22:38:12"}
{"message":"undefined - API Server Start At Port 3000","level":"info","timestamp":"2020-07-20 22:38:37"}
{"message":"App - Video Query error\n: {\"message\":\"You have an error in your SQL syntax; check the manual that corresponds to your MySQL server version for the right syntax to use near '-6.000000000000001' at line 23\",\"code\":\"ER_PARSE_ERROR\",\"errno\":1064,\"sqlState\":\"42000\",\"sqlMessage\":\"You have an error in your SQL syntax; check the manual that corresponds to your MySQL server version for the right syntax to use near '-6.000000000000001' at line 23\"}","level":"error","timestamp":"2020-07-20 22:38:42"}
{"message":"undefined - API Server Start At Port 3000","level":"info","timestamp":"2020-07-20 22:39:41"}
{"message":"App - Video Query error\n: {\"message\":\"You have an error in your SQL syntax; check the manual that corresponds to your MySQL server version for the right syntax to use near ')\\n                limit 10 offset -10' at line 22\",\"code\":\"ER_PARSE_ERROR\",\"errno\":1064,\"sqlState\":\"42000\",\"sqlMessage\":\"You have an error in your SQL syntax; check the manual that corresponds to your MySQL server version for the right syntax to use near ')\\n                limit 10 offset -10' at line 22\"}","level":"error","timestamp":"2020-07-20 22:39:43"}
{"message":"App - Video Query error\n: {\"message\":\"You have an error in your SQL syntax; check the manual that corresponds to your MySQL server version for the right syntax to use near '-10' at line 23\",\"code\":\"ER_PARSE_ERROR\",\"errno\":1064,\"sqlState\":\"42000\",\"sqlMessage\":\"You have an error in your SQL syntax; check the manual that corresponds to your MySQL server version for the right syntax to use near '-10' at line 23\"}","level":"error","timestamp":"2020-07-20 22:39:51"}
{"message":"undefined - API Server Start At Port 3000","level":"info","timestamp":"2020-07-20 22:40:18"}
{"message":"undefined - API Server Start At Port 3000","level":"info","timestamp":"2020-07-20 22:42:31"}
{"message":"App - Video Query error\n: {\"message\":\"You have an error in your SQL syntax; check the manual that corresponds to your MySQL server version for the right syntax to use near '-10' at line 23\",\"code\":\"ER_PARSE_ERROR\",\"errno\":1064,\"sqlState\":\"42000\",\"sqlMessage\":\"You have an error in your SQL syntax; check the manual that corresponds to your MySQL server version for the right syntax to use near '-10' at line 23\"}","level":"error","timestamp":"2020-07-20 22:42:45"}
{"message":"undefined - API Server Start At Port 3000","level":"info","timestamp":"2020-07-20 22:42:58"}
{"message":"App - Video Query error\n: {\"message\":\"You have an error in your SQL syntax; check the manual that corresponds to your MySQL server version for the right syntax to use near '-10' at line 23\",\"code\":\"ER_PARSE_ERROR\",\"errno\":1064,\"sqlState\":\"42000\",\"sqlMessage\":\"You have an error in your SQL syntax; check the manual that corresponds to your MySQL server version for the right syntax to use near '-10' at line 23\"}","level":"error","timestamp":"2020-07-20 22:43:06"}
{"message":"undefined - API Server Start At Port 3000","level":"info","timestamp":"2020-07-20 22:43:27"}
{"message":"App - Video Query error\n: {\"message\":\"You have an error in your SQL syntax; check the manual that corresponds to your MySQL server version for the right syntax to use near '-10' at line 23\",\"code\":\"ER_PARSE_ERROR\",\"errno\":1064,\"sqlState\":\"42000\",\"sqlMessage\":\"You have an error in your SQL syntax; check the manual that corresponds to your MySQL server version for the right syntax to use near '-10' at line 23\"}","level":"error","timestamp":"2020-07-20 22:43:36"}
{"message":"undefined - API Server Start At Port 3000","level":"info","timestamp":"2020-07-20 22:44:28"}
{"message":"App - Video Query error\n: {}","level":"error","timestamp":"2020-07-20 22:44:36"}
{"message":"undefined - API Server Start At Port 3000","level":"info","timestamp":"2020-07-20 22:46:00"}
{"message":"App - Video Query error\n: {\"message\":\"You have an error in your SQL syntax; check the manual that corresponds to your MySQL server version for the right syntax to use near '-10' at line 23\",\"code\":\"ER_PARSE_ERROR\",\"errno\":1064,\"sqlState\":\"42000\",\"sqlMessage\":\"You have an error in your SQL syntax; check the manual that corresponds to your MySQL server version for the right syntax to use near '-10' at line 23\"}","level":"error","timestamp":"2020-07-20 22:46:06"}
{"message":"undefined - API Server Start At Port 3000","level":"info","timestamp":"2020-07-20 22:47:03"}
