{"message":"undefined - API Server Start At Port 3000","level":"info","timestamp":"2020-07-18 12:05:57"}
{"message":"undefined - API Server Start At Port 3000","level":"info","timestamp":"2020-07-18 12:08:25"}
{"message":"undefined - API Server Start At Port 3000","level":"info","timestamp":"2020-07-18 13:21:02"}
{"message":"undefined - API Server Start At Port 3000","level":"info","timestamp":"2020-07-18 13:21:08"}
{"message":"undefined - API Server Start At Port 3000","level":"info","timestamp":"2020-07-18 13:21:41"}
{"message":"undefined - API Server Start At Port 3000","level":"info","timestamp":"2020-07-18 14:20:34"}
{"message":"undefined - API Server Start At Port 3000","level":"info","timestamp":"2020-07-18 14:20:51"}
{"message":"undefined - API Server Start At Port 3000","level":"info","timestamp":"2020-07-18 14:21:19"}
{"message":"undefined - API Server Start At Port 3000","level":"info","timestamp":"2020-07-18 14:22:11"}
{"message":"undefined - API Server Start At Port 3000","level":"info","timestamp":"2020-07-18 14:27:24"}
{"message":"undefined - API Server Start At Port 3000","level":"info","timestamp":"2020-07-18 14:28:06"}
{"message":"undefined - API Server Start At Port 3000","level":"info","timestamp":"2020-07-18 14:37:36"}
{"message":"undefined - API Server Start At Port 3000","level":"info","timestamp":"2020-07-18 14:41:01"}
{"message":"undefined - API Server Start At Port 3000","level":"info","timestamp":"2020-07-18 14:41:07"}
{"message":"undefined - API Server Start At Port 3000","level":"info","timestamp":"2020-07-18 14:41:29"}
{"message":"undefined - API Server Start At Port 3000","level":"info","timestamp":"2020-07-18 14:41:52"}
{"message":"undefined - API Server Start At Port 3000","level":"info","timestamp":"2020-07-18 14:42:02"}
{"message":"undefined - API Server Start At Port 3000","level":"info","timestamp":"2020-07-18 14:42:18"}
{"message":"undefined - API Server Start At Port 3000","level":"info","timestamp":"2020-07-18 14:44:53"}
{"message":"undefined - API Server Start At Port 3000","level":"info","timestamp":"2020-07-18 14:48:49"}
{"message":"undefined - API Server Start At Port 3000","level":"info","timestamp":"2020-07-18 14:50:10"}
{"message":"undefined - API Server Start At Port 3000","level":"info","timestamp":"2020-07-18 14:50:42"}
{"message":"undefined - API Server Start At Port 3000","level":"info","timestamp":"2020-07-18 14:52:44"}
{"message":"undefined - API Server Start At Port 3000","level":"info","timestamp":"2020-07-18 14:54:07"}
{"message":"undefined - API Server Start At Port 3000","level":"info","timestamp":"2020-07-18 14:55:01"}
{"message":"undefined - API Server Start At Port 3000","level":"info","timestamp":"2020-07-18 15:05:52"}
{"message":"undefined - API Server Start At Port 3000","level":"info","timestamp":"2020-07-18 15:19:33"}
{"message":"undefined - API Server Start At Port 3000","level":"info","timestamp":"2020-07-18 15:20:51"}
{"message":"undefined - API Server Start At Port 3000","level":"info","timestamp":"2020-07-18 15:29:54"}
{"message":"undefined - API Server Start At Port 3000","level":"info","timestamp":"2020-07-18 15:30:14"}
{"message":"undefined - API Server Start At Port 3000","level":"info","timestamp":"2020-07-18 15:30:27"}
{"message":"undefined - API Server Start At Port 3000","level":"info","timestamp":"2020-07-18 15:30:35"}
{"message":"undefined - API Server Start At Port 3000","level":"info","timestamp":"2020-07-18 15:30:45"}
{"message":"undefined - API Server Start At Port 3000","level":"info","timestamp":"2020-07-18 15:31:22"}
{"message":"undefined - API Server Start At Port 3000","level":"info","timestamp":"2020-07-18 15:34:22"}
{"message":"undefined - API Server Start At Port 3000","level":"info","timestamp":"2020-07-18 15:47:48"}
{"message":"undefined - API Server Start At Port 3000","level":"info","timestamp":"2020-07-18 18:24:35"}
{"message":"undefined - API Server Start At Port 3000","level":"info","timestamp":"2020-07-18 18:28:29"}
{"message":"undefined - API Server Start At Port 3000","level":"info","timestamp":"2020-07-18 18:29:02"}
{"message":"undefined - API Server Start At Port 3000","level":"info","timestamp":"2020-07-18 18:29:34"}
{"message":"undefined - API Server Start At Port 3000","level":"info","timestamp":"2020-07-18 18:32:36"}
{"message":"undefined - API Server Start At Port 3000","level":"info","timestamp":"2020-07-18 18:34:59"}
{"message":"undefined - API Server Start At Port 3000","level":"info","timestamp":"2020-07-18 18:35:32"}
{"message":"undefined - API Server Start At Port 3000","level":"info","timestamp":"2020-07-18 18:50:43"}
{"message":"undefined - API Server Start At Port 3000","level":"info","timestamp":"2020-07-18 18:51:56"}
{"message":"undefined - API Server Start At Port 3000","level":"info","timestamp":"2020-07-18 18:52:14"}
{"message":"undefined - API Server Start At Port 3000","level":"info","timestamp":"2020-07-18 18:52:16"}
{"message":"undefined - API Server Start At Port 3000","level":"info","timestamp":"2020-07-18 18:52:53"}
{"message":"undefined - API Server Start At Port 3000","level":"info","timestamp":"2020-07-18 18:53:18"}
{"message":"undefined - API Server Start At Port 3000","level":"info","timestamp":"2020-07-18 18:53:35"}
{"message":"undefined - API Server Start At Port 3000","level":"info","timestamp":"2020-07-18 18:54:47"}
{"message":"undefined - API Server Start At Port 3000","level":"info","timestamp":"2020-07-18 18:55:15"}
{"message":"undefined - API Server Start At Port 3000","level":"info","timestamp":"2020-07-18 18:55:58"}
{"message":"undefined - API Server Start At Port 3000","level":"info","timestamp":"2020-07-18 18:56:46"}
{"message":"undefined - API Server Start At Port 3000","level":"info","timestamp":"2020-07-18 18:58:59"}
{"message":"undefined - API Server Start At Port 3000","level":"info","timestamp":"2020-07-18 18:59:12"}
{"message":"undefined - API Server Start At Port 3000","level":"info","timestamp":"2020-07-18 19:00:01"}
{"message":"undefined - API Server Start At Port 3000","level":"info","timestamp":"2020-07-18 19:00:29"}
{"message":"undefined - API Server Start At Port 3000","level":"info","timestamp":"2020-07-18 19:01:01"}
{"message":"undefined - API Server Start At Port 3000","level":"info","timestamp":"2020-07-18 19:01:23"}
{"message":"App - SignIn Query error\n: {\"message\":\"You have an error in your SQL syntax; check the manual that corresponds to your MySQL server version for the right syntax to use near '?)' at line 1\",\"code\":\"ER_PARSE_ERROR\",\"errno\":1064,\"sqlState\":\"42000\",\"sqlMessage\":\"You have an error in your SQL syntax; check the manual that corresponds to your MySQL server version for the right syntax to use near '?)' at line 1\"}","level":"error","timestamp":"2020-07-18 19:01:25"}
{"message":"undefined - API Server Start At Port 3000","level":"info","timestamp":"2020-07-18 19:01:34"}
{"message":"undefined - API Server Start At Port 3000","level":"info","timestamp":"2020-07-18 19:02:45"}
{"message":"undefined - API Server Start At Port 3000","level":"info","timestamp":"2020-07-18 19:02:53"}
{"message":"undefined - API Server Start At Port 3000","level":"info","timestamp":"2020-07-18 19:03:30"}
{"message":"undefined - API Server Start At Port 3000","level":"info","timestamp":"2020-07-18 19:04:24"}
{"message":"undefined - API Server Start At Port 3000","level":"info","timestamp":"2020-07-18 19:05:53"}
{"message":"App - SignIn Query error\n: {}","level":"error","timestamp":"2020-07-18 19:06:01"}
{"message":"undefined - API Server Start At Port 3000","level":"info","timestamp":"2020-07-18 19:06:15"}
{"message":"undefined - API Server Start At Port 3000","level":"info","timestamp":"2020-07-18 19:06:46"}
{"message":"undefined - API Server Start At Port 3000","level":"info","timestamp":"2020-07-18 19:07:44"}
{"message":"undefined - API Server Start At Port 3000","level":"info","timestamp":"2020-07-18 19:08:30"}
{"message":"undefined - API Server Start At Port 3000","level":"info","timestamp":"2020-07-18 19:09:25"}
{"message":"undefined - API Server Start At Port 3000","level":"info","timestamp":"2020-07-18 19:10:12"}
{"message":"undefined - API Server Start At Port 3000","level":"info","timestamp":"2020-07-18 19:10:41"}
{"message":"undefined - API Server Start At Port 3000","level":"info","timestamp":"2020-07-18 19:11:32"}
{"message":"App - SignIn Query error\n: {\"message\":\"Operand should contain 1 column(s)\",\"code\":\"ER_OPERAND_COLUMNS\",\"errno\":1241,\"sqlState\":\"21000\",\"sqlMessage\":\"Operand should contain 1 column(s)\"}","level":"error","timestamp":"2020-07-18 19:11:35"}
{"message":"undefined - API Server Start At Port 3000","level":"info","timestamp":"2020-07-18 19:11:44"}
{"message":"undefined - API Server Start At Port 3000","level":"info","timestamp":"2020-07-18 19:12:01"}
{"message":"undefined - API Server Start At Port 3000","level":"info","timestamp":"2020-07-18 19:12:21"}
{"message":"undefined - API Server Start At Port 3000","level":"info","timestamp":"2020-07-18 19:12:32"}
{"message":"undefined - API Server Start At Port 3000","level":"info","timestamp":"2020-07-18 19:12:56"}
{"message":"undefined - API Server Start At Port 3000","level":"info","timestamp":"2020-07-18 19:14:34"}
{"message":"undefined - API Server Start At Port 3000","level":"info","timestamp":"2020-07-18 19:14:40"}
{"message":"undefined - API Server Start At Port 3000","level":"info","timestamp":"2020-07-18 19:14:56"}
{"message":"undefined - API Server Start At Port 3000","level":"info","timestamp":"2020-07-18 19:15:12"}
{"message":"App - SignIn Query error\n: {\"message\":\"Operand should contain 1 column(s)\",\"code\":\"ER_OPERAND_COLUMNS\",\"errno\":1241,\"sqlState\":\"21000\",\"sqlMessage\":\"Operand should contain 1 column(s)\"}","level":"error","timestamp":"2020-07-18 19:15:14"}
{"message":"undefined - API Server Start At Port 3000","level":"info","timestamp":"2020-07-18 19:15:25"}
{"message":"undefined - API Server Start At Port 3000","level":"info","timestamp":"2020-07-18 19:15:57"}
{"message":"undefined - API Server Start At Port 3000","level":"info","timestamp":"2020-07-18 19:16:11"}
{"message":"undefined - API Server Start At Port 3000","level":"info","timestamp":"2020-07-18 19:16:18"}
{"message":"App - SignIn Query error\n: {\"message\":\"Operand should contain 1 column(s)\",\"code\":\"ER_OPERAND_COLUMNS\",\"errno\":1241,\"sqlState\":\"21000\",\"sqlMessage\":\"Operand should contain 1 column(s)\"}","level":"error","timestamp":"2020-07-18 19:16:20"}
{"message":"undefined - API Server Start At Port 3000","level":"info","timestamp":"2020-07-18 19:16:27"}
{"message":"undefined - API Server Start At Port 3000","level":"info","timestamp":"2020-07-18 19:17:37"}
{"message":"App - SignIn Query error\n: {\"message\":\"Operand should contain 1 column(s)\",\"code\":\"ER_OPERAND_COLUMNS\",\"errno\":1241,\"sqlState\":\"21000\",\"sqlMessage\":\"Operand should contain 1 column(s)\"}","level":"error","timestamp":"2020-07-18 19:17:39"}
{"message":"undefined - API Server Start At Port 3000","level":"info","timestamp":"2020-07-18 19:17:49"}
{"message":"undefined - API Server Start At Port 3000","level":"info","timestamp":"2020-07-18 19:18:59"}
{"message":"undefined - API Server Start At Port 3000","level":"info","timestamp":"2020-07-18 19:19:08"}
{"message":"undefined - API Server Start At Port 3000","level":"info","timestamp":"2020-07-18 19:20:04"}
{"message":"App - SignIn Query error\n: {\"message\":\"Operand should contain 1 column(s)\",\"code\":\"ER_OPERAND_COLUMNS\",\"errno\":1241,\"sqlState\":\"21000\",\"sqlMessage\":\"Operand should contain 1 column(s)\"}","level":"error","timestamp":"2020-07-18 19:20:06"}
{"message":"undefined - API Server Start At Port 3000","level":"info","timestamp":"2020-07-18 19:20:12"}
{"message":"undefined - API Server Start At Port 3000","level":"info","timestamp":"2020-07-18 19:20:31"}
{"message":"App - SignIn Query error\n: {\"message\":\"You have an error in your SQL syntax; check the manual that corresponds to your MySQL server version for the right syntax to use near '?)' at line 1\",\"code\":\"ER_PARSE_ERROR\",\"errno\":1064,\"sqlState\":\"42000\",\"sqlMessage\":\"You have an error in your SQL syntax; check the manual that corresponds to your MySQL server version for the right syntax to use near '?)' at line 1\"}","level":"error","timestamp":"2020-07-18 19:20:34"}
{"message":"undefined - API Server Start At Port 3000","level":"info","timestamp":"2020-07-18 19:20:50"}
{"message":"App - SignIn Query error\n: {\"message\":\"You have an error in your SQL syntax; check the manual that corresponds to your MySQL server version for the right syntax to use near '?)' at line 1\",\"code\":\"ER_PARSE_ERROR\",\"errno\":1064,\"sqlState\":\"42000\",\"sqlMessage\":\"You have an error in your SQL syntax; check the manual that corresponds to your MySQL server version for the right syntax to use near '?)' at line 1\"}","level":"error","timestamp":"2020-07-18 19:20:54"}
{"message":"undefined - API Server Start At Port 3000","level":"info","timestamp":"2020-07-18 19:21:23"}
{"message":"App - SignIn Query error\n: {\"message\":\"You have an error in your SQL syntax; check the manual that corresponds to your MySQL server version for the right syntax to use near '?)' at line 1\",\"code\":\"ER_PARSE_ERROR\",\"errno\":1064,\"sqlState\":\"42000\",\"sqlMessage\":\"You have an error in your SQL syntax; check the manual that corresponds to your MySQL server version for the right syntax to use near '?)' at line 1\"}","level":"error","timestamp":"2020-07-18 19:21:26"}
{"message":"undefined - API Server Start At Port 3000","level":"info","timestamp":"2020-07-18 19:21:51"}
{"message":"undefined - API Server Start At Port 3000","level":"info","timestamp":"2020-07-18 19:33:01"}
{"message":"undefined - API Server Start At Port 3000","level":"info","timestamp":"2020-07-18 19:36:36"}
{"message":"undefined - API Server Start At Port 3000","level":"info","timestamp":"2020-07-18 19:37:05"}
{"message":"undefined - API Server Start At Port 3000","level":"info","timestamp":"2020-07-18 19:45:50"}
{"message":"App - SignIn Query error\n: {\"message\":\"Operand should contain 1 column(s)\",\"code\":\"ER_OPERAND_COLUMNS\",\"errno\":1241,\"sqlState\":\"21000\",\"sqlMessage\":\"Operand should contain 1 column(s)\"}","level":"error","timestamp":"2020-07-18 19:45:54"}
{"message":"undefined - API Server Start At Port 3000","level":"info","timestamp":"2020-07-18 19:46:07"}
{"message":"App - SignIn Query error\n: {\"message\":\"Operand should contain 1 column(s)\",\"code\":\"ER_OPERAND_COLUMNS\",\"errno\":1241,\"sqlState\":\"21000\",\"sqlMessage\":\"Operand should contain 1 column(s)\"}","level":"error","timestamp":"2020-07-18 19:46:09"}
{"message":"undefined - API Server Start At Port 3000","level":"info","timestamp":"2020-07-18 19:46:17"}
{"message":"App - SignIn Query error\n: {\"message\":\"Operand should contain 1 column(s)\",\"code\":\"ER_OPERAND_COLUMNS\",\"errno\":1241,\"sqlState\":\"21000\",\"sqlMessage\":\"Operand should contain 1 column(s)\"}","level":"error","timestamp":"2020-07-18 19:46:21"}
{"message":"undefined - API Server Start At Port 3000","level":"info","timestamp":"2020-07-18 19:46:34"}
{"message":"undefined - API Server Start At Port 3000","level":"info","timestamp":"2020-07-18 19:48:07"}
{"message":"undefined - API Server Start At Port 3000","level":"info","timestamp":"2020-07-18 19:49:10"}
{"message":"undefined - API Server Start At Port 3000","level":"info","timestamp":"2020-07-18 19:50:30"}
{"message":"undefined - API Server Start At Port 3000","level":"info","timestamp":"2020-07-18 19:50:51"}
{"message":"undefined - API Server Start At Port 3000","level":"info","timestamp":"2020-07-18 19:51:15"}
{"message":"undefined - API Server Start At Port 3000","level":"info","timestamp":"2020-07-18 19:52:13"}
{"message":"undefined - API Server Start At Port 3000","level":"info","timestamp":"2020-07-18 19:52:39"}
{"message":"App - SignIn Query error\n: {\"message\":\"Operand should contain 1 column(s)\",\"code\":\"ER_OPERAND_COLUMNS\",\"errno\":1241,\"sqlState\":\"21000\",\"sqlMessage\":\"Operand should contain 1 column(s)\"}","level":"error","timestamp":"2020-07-18 19:52:41"}
{"message":"undefined - API Server Start At Port 3000","level":"info","timestamp":"2020-07-18 19:52:45"}
{"message":"undefined - API Server Start At Port 3000","level":"info","timestamp":"2020-07-18 19:52:58"}
{"message":"undefined - API Server Start At Port 3000","level":"info","timestamp":"2020-07-18 19:53:10"}
{"message":"undefined - API Server Start At Port 3000","level":"info","timestamp":"2020-07-18 19:53:42"}
{"message":"undefined - API Server Start At Port 3000","level":"info","timestamp":"2020-07-18 19:53:59"}
{"message":"undefined - API Server Start At Port 3000","level":"info","timestamp":"2020-07-18 19:54:12"}
{"message":"undefined - API Server Start At Port 3000","level":"info","timestamp":"2020-07-18 19:54:35"}
{"message":"undefined - API Server Start At Port 3000","level":"info","timestamp":"2020-07-18 19:55:10"}
{"message":"App - SignIn Query error\n: {\"message\":\"You have an error in your SQL syntax; check the manual that corresponds to your MySQL server version for the right syntax to use near ')\\n                limit 10 offset 10' at line 1\",\"code\":\"ER_PARSE_ERROR\",\"errno\":1064,\"sqlState\":\"42000\",\"sqlMessage\":\"You have an error in your SQL syntax; check the manual that corresponds to your MySQL server version for the right syntax to use near ')\\n                limit 10 offset 10' at line 1\"}","level":"error","timestamp":"2020-07-18 19:55:13"}
{"message":"undefined - API Server Start At Port 3000","level":"info","timestamp":"2020-07-18 23:49:00"}
